
/eww
/Public/CSS/mainTheme.css
/Public/CSS/eCard.css
/Public/CSS/nav.css
/Public/CSS/footer.css
/Public/CSS/home.css
/Public/Images/Github.svg
/Public/Images/instaLogo.svg
/Public/Images/Linkedin.svg
/Public/Images/PolyakovT.svg
/eww
/Public/CSS/mainTheme.css
/Public/CSS/nav.css
/Public/CSS/home.css
/Public/CSS/footer.css
/Public/CSS/eCard.css
/Public/Images/Github.svg
/Public/Images/Linkedin.svg
/Public/Images/PolyakovT.svg
/Public/Images/instaLogo.svg
/Public/CSS/mainTheme.css
/Public/CSS/mainTheme.css
/Public/CSS/mainTheme.css
/Public/CSS/mainTheme.css
/Public/CSS/mainTheme.css
/eww
/Public/CSS/mainTheme.css
/Public/CSS/eCard.css
/Public/CSS/footer.css
/Public/CSS/nav.css
/Public/CSS/home.css
/Public/Images/Github.svg
/Public/Images/instaLogo.svg
/Public/Images/PolyakovT.svg
/Public/Images/Linkedin.svg
/Public/Images/Tree.jpg
