2022-03-21 18:45:37.0934128 -0400 EDT m=+30.361104301at : /delivery/
2022-03-21 18:45:37.1083812 -0400 EDT m=+30.376072701at : /delivery/login.js
2022-03-21 18:45:37.1130271 -0400 EDT m=+30.380718601at : /delivery/login.js
2022-03-21 18:45:37.2654535 -0400 EDT m=+30.533145001at : /delivery/Polyakov.2.svg
2022-03-21 18:45:37.2700946 -0400 EDT m=+30.537786101at : /delivery/hamberger.svg
2022-03-21 18:45:37.2700946 -0400 EDT m=+30.537786101at : /delivery/Linkedin.svg
2022-03-21 18:45:37.2700946 -0400 EDT m=+30.537786101at : /delivery/instagram.svg
2022-03-21 18:45:37.2700946 -0400 EDT m=+30.537786101at : /delivery/images/static/night.29853dcc93014a9ab25c.jpg
2022-03-21 18:45:37.2700946 -0400 EDT m=+30.537786101at : /delivery/Github.svg
2022-03-21 18:45:37.2700946 -0400 EDT m=+30.537786101at : /delivery/settingsHat.svg
2022-03-21 18:45:40.4562913 -0400 EDT m=+33.723982801at : /delivery/wew
2022-03-21 18:45:40.460923 -0400 EDT m=+33.728614501at : /delivery/wew
2022-03-21 18:45:51.5498208 -0400 EDT m=+44.817512301at : /delivery/earn
2022-03-21 18:45:51.5544372 -0400 EDT m=+44.822128701at : /delivery/earn
2022-03-21 18:45:51.5730317 -0400 EDT m=+44.840723201at : /delivery/earn.js
2022-03-21 18:45:51.5776569 -0400 EDT m=+44.845348401at : /delivery/earn.js
2022-03-21 18:45:51.7139639 -0400 EDT m=+44.981655401at : /delivery/Polyakov.2.svg
2022-03-21 18:45:51.718965 -0400 EDT m=+44.986656501at : /delivery/settingsHat.svg
2022-03-21 18:45:51.718965 -0400 EDT m=+44.986656501at : /delivery/instagram.svg
2022-03-21 18:45:51.718965 -0400 EDT m=+44.986656501at : /delivery/Linkedin.svg
2022-03-21 18:45:51.718965 -0400 EDT m=+44.986656501at : /delivery/hamberger.svg
2022-03-21 18:45:51.718965 -0400 EDT m=+44.986656501at : /delivery/Github.svg
2022-03-21 18:45:51.731972 -0400 EDT m=+44.999663501at : /delivery/images/static/cliff.0184ef907890b9e3a355.jpg
2022-03-21 18:45:52.4542511 -0400 EDT m=+45.721942601at : /delivery/settings
2022-03-21 18:45:52.4582527 -0400 EDT m=+45.725944201at : /delivery/settings
2022-03-21 18:45:52.476487 -0400 EDT m=+45.744178501at : /delivery/settings.js
2022-03-21 18:45:52.4804873 -0400 EDT m=+45.748178801at : /delivery/settings.js
2022-03-21 18:45:52.5071653 -0400 EDT m=+45.774856801at : /delivery/Polyakov.2.svg
2022-03-21 18:45:52.5146728 -0400 EDT m=+45.782364301at : /delivery/Linkedin.svg
2022-03-21 18:45:52.5146728 -0400 EDT m=+45.782364301at : /delivery/hamberger.svg
2022-03-21 18:45:52.5146728 -0400 EDT m=+45.782364301at : /delivery/settingsHat.svg
2022-03-21 18:45:52.5146728 -0400 EDT m=+45.782364301at : /delivery/Github.svg
2022-03-21 18:45:52.5146728 -0400 EDT m=+45.782364301at : /delivery/instagram.svg
2022-03-21 18:49:15.4063336 -0400 EDT m=+4.868100501at : /delivery/login
2022-03-21 18:49:15.4109607 -0400 EDT m=+4.872727601at : /delivery/login
2022-03-21 18:49:15.427053 -0400 EDT m=+4.888819901at : /delivery/login.js
2022-03-21 18:49:15.4311587 -0400 EDT m=+4.892925601at : /delivery/login.js
2022-03-21 18:49:15.5686021 -0400 EDT m=+5.030369001at : /delivery/Polyakov.2.svg
2022-03-21 18:49:15.5742326 -0400 EDT m=+5.035999501at : /delivery/hamberger.svg
2022-03-21 18:49:15.5742326 -0400 EDT m=+5.035999501at : /delivery/settingsHat.svg
2022-03-21 18:49:15.5742326 -0400 EDT m=+5.035999501at : /delivery/Github.svg
2022-03-21 18:49:15.5742326 -0400 EDT m=+5.035999501at : /delivery/instagram.svg
2022-03-21 18:49:15.5742326 -0400 EDT m=+5.035999501at : /delivery/Linkedin.svg
2022-03-21 18:49:15.5856766 -0400 EDT m=+5.047443501at : /delivery/images/static/night.29853dcc93014a9ab25c.jpg
2022-03-21 18:49:18.3534142 -0400 EDT m=+7.815181101at : /delivery/
2022-03-21 18:49:18.3738657 -0400 EDT m=+7.835632601at : /delivery/login.js
2022-03-21 18:49:18.3792881 -0400 EDT m=+7.841055001at : /delivery/login.js
2022-03-21 18:49:18.5125516 -0400 EDT m=+7.974318501at : /delivery/Polyakov.2.svg
2022-03-21 18:49:18.51812 -0400 EDT m=+7.979886901at : /delivery/instagram.svg
2022-03-21 18:49:18.51812 -0400 EDT m=+7.979886901at : /delivery/settingsHat.svg
2022-03-21 18:49:18.51812 -0400 EDT m=+7.979886901at : /delivery/Linkedin.svg
2022-03-21 18:49:18.51812 -0400 EDT m=+7.979886901at : /delivery/hamberger.svg
2022-03-21 18:49:18.51812 -0400 EDT m=+7.979886901at : /delivery/Github.svg
2022-03-21 18:49:18.5295625 -0400 EDT m=+7.991329401at : /delivery/images/static/night.29853dcc93014a9ab25c.jpg
2022-03-21 21:27:37.3779499 -0400 EDT m=+14.864818501at : /delivery/
2022-03-21 21:27:37.4146271 -0400 EDT m=+14.901495701at : /delivery/login.js
2022-03-21 21:27:37.4206248 -0400 EDT m=+14.907493401at : /delivery/login.js
2022-03-21 21:27:37.5576437 -0400 EDT m=+15.044512301at : /delivery/Polyakov.2.svg
2022-03-21 21:27:37.5630979 -0400 EDT m=+15.049966501at : /delivery/Linkedin.svg
2022-03-21 21:27:37.5630979 -0400 EDT m=+15.049966501at : /delivery/hamberger.svg
2022-03-21 21:27:37.5630979 -0400 EDT m=+15.049966501at : /delivery/settingsHat.svg
2022-03-21 21:27:37.5630979 -0400 EDT m=+15.049966501at : /delivery/instagram.svg
2022-03-21 21:27:37.5630979 -0400 EDT m=+15.049966501at : /delivery/Github.svg
2022-03-21 21:27:37.5750756 -0400 EDT m=+15.061944201at : /delivery/images/static/night.29853dcc93014a9ab25c.jpg
2022-03-21 21:27:37.9886675 -0400 EDT m=+15.475536101at : /favicon.ico
2022-03-21 21:32:56.5456564 -0400 EDT m=+334.032525001at : /delivery/
2022-03-21 21:32:56.5675435 -0400 EDT m=+334.054412101at : /delivery/login.js
2022-03-21 21:32:56.5732808 -0400 EDT m=+334.060149401at : /delivery/login.js
2022-03-21 21:32:56.7137096 -0400 EDT m=+334.200578201at : /delivery/Polyakov.2.svg
2022-03-21 21:32:56.7137096 -0400 EDT m=+334.200578201at : /delivery/settingsHat.svg
2022-03-21 21:32:56.7194933 -0400 EDT m=+334.206361901at : /delivery/Linkedin.svg
2022-03-21 21:32:56.7194933 -0400 EDT m=+334.206361901at : /delivery/hamberger.svg
2022-03-21 21:32:56.7194933 -0400 EDT m=+334.206361901at : /delivery/instagram.svg
2022-03-21 21:32:56.7194933 -0400 EDT m=+334.206361901at : /delivery/Github.svg
2022-03-21 21:32:56.730611 -0400 EDT m=+334.217479601at : /delivery/images/static/night.29853dcc93014a9ab25c.jpg
2022-03-21 21:32:56.8260166 -0400 EDT m=+334.312885201at : /favicon.ico
2022-03-21 21:42:21.8676447 -0400 EDT m=+12.890135801at : /
2022-03-21 21:42:21.8918778 -0400 EDT m=+12.914368901at : /Public/CSS/mainTheme.css
2022-03-21 21:42:21.8971264 -0400 EDT m=+12.919617501at : /Public/CSS/nav.css
2022-03-21 21:42:21.8971264 -0400 EDT m=+12.919617501at : /Public/CSS/home.css
2022-03-21 21:42:21.8971264 -0400 EDT m=+12.919617501at : /Public/CSS/eCard.css
2022-03-21 21:42:21.8971264 -0400 EDT m=+12.919617501at : /Public/CSS/footer.css
2022-03-21 21:42:21.9212469 -0400 EDT m=+12.943738001at : /Public/Images/Github.svg
2022-03-21 21:42:21.9258718 -0400 EDT m=+12.948362901at : /Public/Images/PolyakovT.svg
2022-03-21 21:42:21.9258718 -0400 EDT m=+12.948362901at : /Public/Images/Linkedin.svg
2022-03-21 21:42:21.9258718 -0400 EDT m=+12.948362901at : /Public/Images/instaLogo.svg
2022-03-21 21:42:28.1942752 -0400 EDT m=+19.216766301at : /delivery/
2022-03-21 21:42:28.2150245 -0400 EDT m=+19.237515601at : /delivery/login.js
2022-03-21 21:42:28.2201511 -0400 EDT m=+19.242642201at : /delivery/login.js
2022-03-21 21:42:28.4579038 -0400 EDT m=+19.480394901at : /delivery/Polyakov.2.svg
2022-03-21 21:42:28.4579038 -0400 EDT m=+19.480394901at : /delivery/settingsHat.svg
2022-03-21 21:42:28.4635593 -0400 EDT m=+19.486050401at : /delivery/instagram.svg
2022-03-21 21:42:28.4640671 -0400 EDT m=+19.486558201at : /delivery/Github.svg
2022-03-21 21:42:28.4640671 -0400 EDT m=+19.486558201at : /delivery/Linkedin.svg
2022-03-21 21:42:28.4640671 -0400 EDT m=+19.486558201at : /delivery/hamberger.svg
2022-03-21 21:42:28.4640671 -0400 EDT m=+19.486558201at : /delivery/images/static/night.29853dcc93014a9ab25c.jpg
2022-03-21 21:42:32.8090753 -0400 EDT m=+23.831566401at : /delivery/
2022-03-21 21:42:32.8240789 -0400 EDT m=+23.846570001at : /delivery/login.js
2022-03-21 21:42:32.8293403 -0400 EDT m=+23.851831401at : /delivery/login.js
2022-03-21 21:42:32.9637621 -0400 EDT m=+23.986253201at : /delivery/settingsHat.svg
2022-03-21 21:42:32.9637621 -0400 EDT m=+23.986253201at : /delivery/Polyakov.2.svg
2022-03-21 21:42:32.9677637 -0400 EDT m=+23.990254801at : /delivery/hamberger.svg
2022-03-21 21:42:32.9677637 -0400 EDT m=+23.990254801at : /delivery/instagram.svg
2022-03-21 21:42:32.9677637 -0400 EDT m=+23.990254801at : /delivery/Linkedin.svg
2022-03-21 21:42:32.968763 -0400 EDT m=+23.991254101at : /delivery/Github.svg
2022-03-21 21:42:32.98677 -0400 EDT m=+24.009261101at : /delivery/images/static/night.29853dcc93014a9ab25c.jpg
2022-03-21 21:42:33.0297793 -0400 EDT m=+24.052270401at : /favicon.ico
2022-03-21 21:42:36.1685986 -0400 EDT m=+27.191089701at : /delivery/
2022-03-21 21:42:36.1828518 -0400 EDT m=+27.205342901at : /delivery/login.js
2022-03-21 21:42:36.1878531 -0400 EDT m=+27.210344201at : /delivery/login.js
2022-03-21 21:42:36.3189055 -0400 EDT m=+27.341396601at : /delivery/Polyakov.2.svg
2022-03-21 21:42:36.3240233 -0400 EDT m=+27.346514401at : /delivery/Linkedin.svg
2022-03-21 21:42:36.3240233 -0400 EDT m=+27.346514401at : /delivery/hamberger.svg
2022-03-21 21:42:36.3240233 -0400 EDT m=+27.346514401at : /delivery/settingsHat.svg
2022-03-21 21:42:36.3240233 -0400 EDT m=+27.346514401at : /delivery/instagram.svg
2022-03-21 21:42:36.3240233 -0400 EDT m=+27.346514401at : /delivery/Github.svg
2022-03-21 21:42:36.3376421 -0400 EDT m=+27.360133201at : /delivery/images/static/night.29853dcc93014a9ab25c.jpg
2022-03-21 21:42:36.9833659 -0400 EDT m=+28.005857001at : /favicon.ico
2022-03-21 21:42:44.5876201 -0400 EDT m=+35.610111201at : /delivery/earn
2022-03-21 21:42:44.5927717 -0400 EDT m=+35.615262801at : /delivery/earn
2022-03-21 21:42:44.6164085 -0400 EDT m=+35.638899601at : /delivery/earn.js
2022-03-21 21:42:44.6217604 -0400 EDT m=+35.644251501at : /delivery/earn.js
2022-03-21 21:42:44.7552939 -0400 EDT m=+35.777785001at : /delivery/Polyakov.2.svg
2022-03-21 21:42:44.7602952 -0400 EDT m=+35.782786301at : /delivery/Github.svg
2022-03-21 21:42:44.7602952 -0400 EDT m=+35.782786301at : /delivery/Linkedin.svg
2022-03-21 21:42:44.7602952 -0400 EDT m=+35.782786301at : /delivery/settingsHat.svg
2022-03-21 21:42:44.7602952 -0400 EDT m=+35.782786301at : /delivery/hamberger.svg
2022-03-21 21:42:44.7602952 -0400 EDT m=+35.782786301at : /delivery/instagram.svg
2022-03-21 21:42:44.771587 -0400 EDT m=+35.794078101at : /delivery/images/static/cliff.0184ef907890b9e3a355.jpg
2022-03-21 21:43:01.4914172 -0400 EDT m=+52.513908301at : /delivery/login
2022-03-21 21:43:01.496541 -0400 EDT m=+52.519032101at : /delivery/login
2022-03-21 21:43:01.5291576 -0400 EDT m=+52.551648701at : /delivery/login.js
2022-03-21 21:43:01.5350432 -0400 EDT m=+52.557534301at : /delivery/login.js
2022-03-21 21:43:01.6695816 -0400 EDT m=+52.692072701at : /delivery/Polyakov.2.svg
2022-03-21 21:43:01.6745829 -0400 EDT m=+52.697074001at : /delivery/hamberger.svg
2022-03-21 21:43:01.6745829 -0400 EDT m=+52.697074001at : /delivery/settingsHat.svg
2022-03-21 21:43:01.6745829 -0400 EDT m=+52.697074001at : /delivery/instagram.svg
2022-03-21 21:43:01.6745829 -0400 EDT m=+52.697074001at : /delivery/Github.svg
2022-03-21 21:43:01.6745829 -0400 EDT m=+52.697074001at : /delivery/Linkedin.svg
2022-03-21 21:43:01.6875857 -0400 EDT m=+52.710076801at : /delivery/images/static/night.29853dcc93014a9ab25c.jpg
2022-03-21 21:43:02.2745398 -0400 EDT m=+53.297030901at : /delivery/settings
2022-03-21 21:43:02.2795411 -0400 EDT m=+53.302032201at : /delivery/settings
2022-03-21 21:43:02.3114177 -0400 EDT m=+53.333908801at : /delivery/settings.js
2022-03-21 21:43:02.3164189 -0400 EDT m=+53.338910001at : /delivery/settings.js
2022-03-21 21:43:02.3473489 -0400 EDT m=+53.369840001at : /delivery/Polyakov.2.svg
2022-03-21 21:43:02.3519069 -0400 EDT m=+53.374398001at : /delivery/instagram.svg
2022-03-21 21:43:02.3519069 -0400 EDT m=+53.374398001at : /delivery/settingsHat.svg
2022-03-21 21:43:02.3519069 -0400 EDT m=+53.374398001at : /delivery/Github.svg
2022-03-21 21:43:02.3519069 -0400 EDT m=+53.374398001at : /delivery/Linkedin.svg
2022-03-21 21:43:02.3519069 -0400 EDT m=+53.374398001at : /delivery/hamberger.svg
2022-03-21 21:43:09.2590386 -0400 EDT m=+60.281529701at : /delivery/login
2022-03-21 21:43:09.2651251 -0400 EDT m=+60.287616201at : /delivery/login
2022-03-21 21:43:09.2991492 -0400 EDT m=+60.321640301at : /delivery/login.js
2022-03-21 21:43:09.3042874 -0400 EDT m=+60.326778501at : /delivery/login.js
2022-03-21 21:43:09.43933 -0400 EDT m=+60.461821101at : /delivery/Polyakov.2.svg
2022-03-21 21:43:09.4443309 -0400 EDT m=+60.466822001at : /delivery/instagram.svg
2022-03-21 21:43:09.4443309 -0400 EDT m=+60.466822001at : /delivery/settingsHat.svg
2022-03-21 21:43:09.4443309 -0400 EDT m=+60.466822001at : /delivery/hamberger.svg
2022-03-21 21:43:09.4443309 -0400 EDT m=+60.466822001at : /delivery/Linkedin.svg
2022-03-21 21:43:09.4443309 -0400 EDT m=+60.466822001at : /delivery/Github.svg
2022-03-21 21:43:09.4561281 -0400 EDT m=+60.478619201at : /delivery/images/static/night.29853dcc93014a9ab25c.jpg
2022-03-21 21:43:12.6080347 -0400 EDT m=+63.630525801at : /delivery/login
2022-03-21 21:43:12.6130359 -0400 EDT m=+63.635527001at : /delivery/login
2022-03-21 21:43:12.6279662 -0400 EDT m=+63.650457301at : /delivery/login.js
2022-03-21 21:43:12.632968 -0400 EDT m=+63.655459101at : /delivery/login.js
2022-03-21 21:43:12.7664627 -0400 EDT m=+63.788953801at : /delivery/Polyakov.2.svg
2022-03-21 21:43:12.7664627 -0400 EDT m=+63.788953801at : /delivery/settingsHat.svg
2022-03-21 21:43:12.7714586 -0400 EDT m=+63.793949701at : /delivery/Github.svg
2022-03-21 21:43:12.7714586 -0400 EDT m=+63.793949701at : /delivery/Linkedin.svg
2022-03-21 21:43:12.7714586 -0400 EDT m=+63.793949701at : /delivery/hamberger.svg
2022-03-21 21:43:12.7714586 -0400 EDT m=+63.793949701at : /delivery/instagram.svg
2022-03-21 21:43:12.7844613 -0400 EDT m=+63.806952401at : /delivery/images/static/night.29853dcc93014a9ab25c.jpg
2022-03-21 21:43:12.9897314 -0400 EDT m=+64.012222501at : /favicon.ico
